<?xml version="1.0" encoding="UTF-8"?>
<!-- Generated by org.testng.reporters.JUnitXMLReporter -->
<testsuite ignored="1" hostname="DESKTOP-P0FATQV" failures="0" tests="4" name="orangehrmMYinfo" time="22.333" errors="0" timestamp="2024-05-26T21:07:12 IST">
  <testcase classname="testngdemo.OrangeHRM" name="lunchapp" time="16.661"/>
  <testcase classname="testngdemo.OrangeHRM" name="enterlogindetails" time="3.24"/>
  <testcase classname="testngdemo.OrangeHRM" name="navigatetomyinfo" time="1.838"/>
  <testcase classname="testngdemo.OrangeHRM" name="verifymyinfo" time="0.575"/>
  <testcase classname="testngdemo.OrangeHRM" name="verifylogin" time="0.0">
    <ignored/>
  </testcase> <!-- verifylogin -->
</testsuite> <!-- orangehrmMYinfo -->
