<?xml version="1.0" encoding="UTF-8"?>
<!-- Generated by org.testng.reporters.JUnitXMLReporter -->
<testsuite ignored="2" hostname="DESKTOP-P0FATQV" failures="0" tests="3" name="orangehrmlogin" time="18.92" errors="0" timestamp="2024-05-26T21:06:50 IST">
  <testcase classname="testngdemo.OrangeHRM" name="lunchapp" time="15.973"/>
  <testcase classname="testngdemo.OrangeHRM" name="enterlogindetails" time="1.02"/>
  <testcase classname="testngdemo.OrangeHRM" name="verifylogin" time="1.825"/>
  <testcase classname="testngdemo.OrangeHRM" name="verifymyinfo" time="0.0">
    <ignored/>
  </testcase> <!-- verifymyinfo -->
  <testcase classname="testngdemo.OrangeHRM" name="navigatetomyinfo" time="0.0">
    <ignored/>
  </testcase> <!-- navigatetomyinfo -->
</testsuite> <!-- orangehrmlogin -->
