<?xml version="1.0" encoding="UTF-8"?>
<testng-results ignored="0" total="3" passed="3" failed="0" skipped="0">
  <reporter-output>
  </reporter-output>
  <suite started-at="2024-06-12T22:40:10 IST" name="Suite" finished-at="2024-06-12T22:40:37 IST" duration-ms="26950">
    <groups>
    </groups>
    <test started-at="2024-06-12T22:40:10 IST" name="Test1" finished-at="2024-06-12T22:40:31 IST" duration-ms="21539">
      <class name="testngdemo.CrossBrowserTesting">
        <test-method is-config="true" signature="launchbrowser(java.lang.String)[pri:0, instance:testngdemo.CrossBrowserTesting@27406a17]" started-at="2024-06-12T22:40:10 IST" name="launchbrowser" finished-at="2024-06-12T22:40:14 IST" duration-ms="4733" status="PASS">
          <params>
            <param index="0">
              <value>
                <![CDATA[chrome]]>
              </value>
            </param>
          </params>
          <reporter-output>
          </reporter-output>
        </test-method> <!-- launchbrowser -->
        <test-method signature="orangehrm(java.lang.String,java.lang.String)[pri:0, instance:testngdemo.CrossBrowserTesting@27406a17]" started-at="2024-06-12T22:40:15 IST" name="orangehrm" finished-at="2024-06-12T22:40:31 IST" duration-ms="16643" status="PASS">
          <params>
            <param index="0">
              <value>
                <![CDATA[Admin]]>
              </value>
            </param>
            <param index="1">
              <value>
                <![CDATA[admin123]]>
              </value>
            </param>
          </params>
          <reporter-output>
          </reporter-output>
        </test-method> <!-- orangehrm -->
      </class> <!-- testngdemo.CrossBrowserTesting -->
    </test> <!-- Test1 -->
    <test started-at="2024-06-12T22:40:10 IST" name="Test3" finished-at="2024-06-12T22:40:35 IST" duration-ms="25454">
      <class name="testngdemo.CrossBrowserTesting">
        <test-method is-config="true" signature="launchbrowser(java.lang.String)[pri:0, instance:testngdemo.CrossBrowserTesting@4681c175]" started-at="2024-06-12T22:40:10 IST" name="launchbrowser" finished-at="2024-06-12T22:40:19 IST" duration-ms="9646" status="PASS">
          <params>
            <param index="0">
              <value>
                <![CDATA[firefox]]>
              </value>
            </param>
          </params>
          <reporter-output>
          </reporter-output>
        </test-method> <!-- launchbrowser -->
        <test-method signature="orangehrm(java.lang.String,java.lang.String)[pri:0, instance:testngdemo.CrossBrowserTesting@4681c175]" started-at="2024-06-12T22:40:19 IST" name="orangehrm" finished-at="2024-06-12T22:40:35 IST" duration-ms="15772" status="PASS">
          <params>
            <param index="0">
              <value>
                <![CDATA[Admin]]>
              </value>
            </param>
            <param index="1">
              <value>
                <![CDATA[admin123]]>
              </value>
            </param>
          </params>
          <reporter-output>
          </reporter-output>
        </test-method> <!-- orangehrm -->
      </class> <!-- testngdemo.CrossBrowserTesting -->
    </test> <!-- Test3 -->
    <test started-at="2024-06-12T22:40:10 IST" name="Test2" finished-at="2024-06-12T22:40:37 IST" duration-ms="26950">
      <class name="testngdemo.CrossBrowserTesting">
        <test-method is-config="true" signature="launchbrowser(java.lang.String)[pri:0, instance:testngdemo.CrossBrowserTesting@48bb62]" started-at="2024-06-12T22:40:10 IST" name="launchbrowser" finished-at="2024-06-12T22:40:21 IST" duration-ms="11578" status="PASS">
          <params>
            <param index="0">
              <value>
                <![CDATA[edge]]>
              </value>
            </param>
          </params>
          <reporter-output>
          </reporter-output>
        </test-method> <!-- launchbrowser -->
        <test-method signature="orangehrm(java.lang.String,java.lang.String)[pri:0, instance:testngdemo.CrossBrowserTesting@48bb62]" started-at="2024-06-12T22:40:21 IST" name="orangehrm" finished-at="2024-06-12T22:40:37 IST" duration-ms="15332" status="PASS">
          <params>
            <param index="0">
              <value>
                <![CDATA[Admin]]>
              </value>
            </param>
            <param index="1">
              <value>
                <![CDATA[admin123]]>
              </value>
            </param>
          </params>
          <reporter-output>
          </reporter-output>
        </test-method> <!-- orangehrm -->
      </class> <!-- testngdemo.CrossBrowserTesting -->
    </test> <!-- Test2 -->
  </suite> <!-- Suite -->
</testng-results>
